<?xml version="1.0" encoding="UTF-8"?>
<!-- Generated by org.testng.reporters.JUnitReportReporter -->
<testsuite skipped="0" hostname="LAPTOP-DLG32QE4" name="com.automation.runner.TestRunner" tests="1" failures="0" timestamp="13 May 2022 00:22:22 GMT" time="35.670" errors="0">
  <testcase name="feature" time="35.670" classname="com.automation.runner.TestRunner"/>
</testsuite> <!-- com.automation.runner.TestRunner -->
